<?xml version="1.0" encoding="UTF-8"?>
<testsuite name="TestUmlPoint" tests="8" skipped="0" failures="0" errors="0" timestamp="2026-05-06T06:30:31" hostname="u-inf-j-e114-21" time="0.012">
  <properties/>
  <testcase name="test4 - 'Feuille' has attribute(s)()" classname="TestUmlPoint" time="0.003"/>
  <testcase name="test5 - 'Feuille' has an attribute 'x'()" classname="TestUmlPoint" time="0.001"/>
  <testcase name="test6 - 'Feuille' has an attribute 'y'()" classname="TestUmlPoint" time="0.0"/>
  <testcase name="test1 - class Point is open or not()" classname="TestUmlPoint" time="0.001"/>
  <testcase name="test2 - 'Point' extends other classe(s)()" classname="TestUmlPoint" time="0.001"/>
  <testcase name="test9 - 'Feuille' has method(s)()" classname="TestUmlPoint" time="0.001"/>
  <testcase name="test3 - 'Point' has a constructor()" classname="TestUmlPoint" time="0.001"/>
  <testcase name="test0 - class Point is abstract or not()" classname="TestUmlPoint" time="0.001"/>
  <system-out><![CDATA[]]></system-out>
  <system-err><![CDATA[]]></system-err>
</testsuite>
