<?xml version="1.0" encoding="UTF-8"?>
<testsuite name="TestUmlObjetDessinable" tests="15" skipped="0" failures="0" errors="0" timestamp="2026-05-06T06:30:31" hostname="u-inf-j-e114-21" time="0.024">
  <properties/>
  <testcase name="test13 - 'ObjetDessinable' has a method 'colorierArriere'()" classname="TestUmlObjetDessinable" time="0.003"/>
  <testcase name="test8 - 'ObjetDessinable' has an attribute 'couleurPremierPlan'()" classname="TestUmlObjetDessinable" time="0.001"/>
  <testcase name="test11 - 'ObjetDessinable' has a method 'selectionner'()" classname="TestUmlObjetDessinable" time="0.001"/>
  <testcase name="test2 - 'ObjetDessinable' extends other classe(s)()" classname="TestUmlObjetDessinable" time="0.002"/>
  <testcase name="test15 - 'ObjetDessinable' has a method 'dessiner'()" classname="TestUmlObjetDessinable" time="0.001"/>
  <testcase name="test5 - 'ObjetDessinable' has an attribute 'selectionne'()" classname="TestUmlObjetDessinable" time="0.0"/>
  <testcase name="test4 - 'ObjetDessinable' has attribute(s)()" classname="TestUmlObjetDessinable" time="0.0"/>
  <testcase name="test0 - class ObjetDessinable is abstract or not()" classname="TestUmlObjetDessinable" time="0.0"/>
  <testcase name="test6 - 'ObjetDessinable' has an attribute 'x'()" classname="TestUmlObjetDessinable" time="0.001"/>
  <testcase name="test10 - 'ObjetDessinable' has method(s)()" classname="TestUmlObjetDessinable" time="0.001"/>
  <testcase name="test9 - 'ObjetDessinable' has an attribute 'couleurArrierePlan'()" classname="TestUmlObjetDessinable" time="0.001"/>
  <testcase name="test1 - class ObjetDessinable is open or not()" classname="TestUmlObjetDessinable" time="0.001"/>
  <testcase name="test12 - 'ObjetDessinable' has a method 'colorierPremier'()" classname="TestUmlObjetDessinable" time="0.001"/>
  <testcase name="test3 - 'ObjetDessinable' has a constructor()" classname="TestUmlObjetDessinable" time="0.002"/>
  <testcase name="test14 - 'ObjetDessinable' has a method 'deplacer'()" classname="TestUmlObjetDessinable" time="0.001"/>
  <system-out><![CDATA[]]></system-out>
  <system-err><![CDATA[]]></system-err>
</testsuite>
