<?xml version="1.0" encoding="UTF-8"?>
<testsuite name="TestUmlCercle" tests="6" skipped="0" failures="0" errors="0" timestamp="2026-05-06T06:30:31" hostname="u-inf-j-e114-21" time="0.015">
  <properties/>
  <testcase name="test3 - 'Cercle' has a constructor()" classname="TestUmlCercle" time="0.002"/>
  <testcase name="test0 - class Cercle is abstract or not()" classname="TestUmlCercle" time="0.001"/>
  <testcase name="test5 - 'Cercle' has method(s)()" classname="TestUmlCercle" time="0.006"/>
  <testcase name="test4 - 'Cercle' has attribute(s)()" classname="TestUmlCercle" time="0.001"/>
  <testcase name="test1 - class Cercle is open or not()" classname="TestUmlCercle" time="0.0"/>
  <testcase name="test2 - 'Cercle' extends other classe(s)()" classname="TestUmlCercle" time="0.001"/>
  <system-out><![CDATA[]]></system-out>
  <system-err><![CDATA[]]></system-err>
</testsuite>
