<?xml version="1.0" encoding="UTF-8"?>
<testsuite name="TestReduceRational" tests="6" skipped="0" failures="0" errors="0" timestamp="2026-04-28T14:39:45" hostname="u-inf-j-f103-03" time="0.049">
  <properties/>
  <testcase name="test1()" classname="TestReduceRational" time="0.032"/>
  <testcase name="test2()" classname="TestReduceRational" time="0.004"/>
  <testcase name="test3()" classname="TestReduceRational" time="0.001"/>
  <testcase name="test4()" classname="TestReduceRational" time="0.002"/>
  <testcase name="test5()" classname="TestReduceRational" time="0.0"/>
  <testcase name="test6()" classname="TestReduceRational" time="0.001"/>
  <system-out><![CDATA[]]></system-out>
  <system-err><![CDATA[]]></system-err>
</testsuite>
